<?xml version="1.0" encoding="utf-8"?><testsuites><testsuite name="pytest" errors="0" failures="0" skipped="34" tests="34" time="0.706" timestamp="2026-01-12T11:10:17.221787" hostname="alina"><testcase classname="tests.integration.test_deployment_flow.TestDeploymentFlow" name="test_service_startup_and_health" time="0.001"><skipped type="pytest.skip" message="Integration tests disabled (set RUN_INTEGRATION=1)">/home/alina/code/git-deploy-healer/tests/integration/test_deployment_flow.py:123: Integration tests disabled (set RUN_INTEGRATION=1)</skipped></testcase><testcase classname="tests.integration.test_deployment_flow.TestDeploymentFlow" name="test_root_endpoint" time="0.001"><skipped type="pytest.skip" message="Integration tests disabled (set RUN_INTEGRATION=1)">/home/alina/code/git-deploy-healer/tests/integration/test_deployment_flow.py:131: Integration tests disabled (set RUN_INTEGRATION=1)</skipped></testcase><testcase classname="tests.integration.test_deployment_flow.TestDeploymentFlow" name="test_dashboard_endpoint" time="0.000"><skipped type="pytest.skip" message="Integration tests disabled (set RUN_INTEGRATION=1)">/home/alina/code/git-deploy-healer/tests/integration/test_deployment_flow.py:140: Integration tests disabled (set RUN_INTEGRATION=1)</skipped></testcase><testcase classname="tests.integration.test_deployment_flow.TestDeploymentFlow" name="test_metrics_endpoint" time="0.000"><skipped type="pytest.skip" message="Integration tests disabled (set RUN_INTEGRATION=1)">/home/alina/code/git-deploy-healer/tests/integration/test_deployment_flow.py:147: Integration tests disabled (set RUN_INTEGRATION=1)</skipped></testcase><testcase classname="tests.integration.test_deployment_flow.TestDeploymentFlow" name="test_api_docs_endpoint" time="0.001"><skipped type="pytest.skip" message="Integration tests disabled (set RUN_INTEGRATION=1)">/home/alina/code/git-deploy-healer/tests/integration/test_deployment_flow.py:154: Integration tests disabled (set RUN_INTEGRATION=1)</skipped></testcase><testcase classname="tests.integration.test_deployment_flow.TestDeploymentFlow" name="test_favicon_no_error" time="0.000"><skipped type="pytest.skip" message="Integration tests disabled (set RUN_INTEGRATION=1)">/home/alina/code/git-deploy-healer/tests/integration/test_deployment_flow.py:160: Integration tests disabled (set RUN_INTEGRATION=1)</skipped></testcase><testcase classname="tests.integration.test_deployment_flow.TestDeploymentFlow" name="test_health_endpoint_consistency" time="0.000"><skipped type="pytest.skip" message="Integration tests disabled (set RUN_INTEGRATION=1)">/home/alina/code/git-deploy-healer/tests/integration/test_deployment_flow.py:166: Integration tests disabled (set RUN_INTEGRATION=1)</skipped></testcase><testcase classname="tests.integration.test_deployment_flow.TestDeploymentFlow" name="test_multiple_concurrent_requests" time="0.000"><skipped type="pytest.skip" message="Integration tests disabled (set RUN_INTEGRATION=1)">/home/alina/code/git-deploy-healer/tests/integration/test_deployment_flow.py:175: Integration tests disabled (set RUN_INTEGRATION=1)</skipped></testcase><testcase classname="tests.integration.test_deployment_flow.TestDeploymentFlow" name="test_service_recovery_after_delay" time="0.000"><skipped type="pytest.skip" message="Integration tests disabled (set RUN_INTEGRATION=1)">/home/alina/code/git-deploy-healer/tests/integration/test_deployment_flow.py:190: Integration tests disabled (set RUN_INTEGRATION=1)</skipped></testcase><testcase classname="tests.integration.test_deployment_flow.TestDeploymentFlow" name="test_database_connectivity" time="0.000"><skipped type="pytest.skip" message="Integration tests disabled (set RUN_INTEGRATION=1)">/home/alina/code/git-deploy-healer/tests/integration/test_deployment_flow.py:201: Integration tests disabled (set RUN_INTEGRATION=1)</skipped></testcase><testcase classname="tests.integration.test_deployment_flow.TestDeploymentFlow" name="test_environment_variables_loaded" time="0.000"><skipped type="pytest.skip" message="Integration tests disabled (set RUN_INTEGRATION=1)">/home/alina/code/git-deploy-healer/tests/integration/test_deployment_flow.py:209: Integration tests disabled (set RUN_INTEGRATION=1)</skipped></testcase><testcase classname="tests.integration.test_deployment_flow.TestDeploymentFlow" name="test_trigger_endpoint_with_valid_key" time="0.000"><skipped type="pytest.skip" message="Integration tests disabled (set RUN_INTEGRATION=1)">/home/alina/code/git-deploy-healer/tests/integration/test_deployment_flow.py:219: Integration tests disabled (set RUN_INTEGRATION=1)</skipped></testcase><testcase classname="tests.integration.test_deployment_flow.TestDeploymentFlow" name="test_trigger_endpoint_with_invalid_key" time="0.001"><skipped type="pytest.skip" message="Integration tests disabled (set RUN_INTEGRATION=1)">/home/alina/code/git-deploy-healer/tests/integration/test_deployment_flow.py:230: Integration tests disabled (set RUN_INTEGRATION=1)</skipped></testcase><testcase classname="tests.integration.test_deployment_flow.TestDeploymentFlow" name="test_service_logs_available" time="0.001"><skipped type="pytest.skip" message="Integration tests disabled (set RUN_INTEGRATION=1)">/home/alina/code/git-deploy-healer/tests/integration/test_deployment_flow.py:239: Integration tests disabled (set RUN_INTEGRATION=1)</skipped></testcase><testcase classname="tests.integration.test_healer_recovery.TestHealerRecovery" name="test_healer_daemon_enabled" time="0.001"><skipped type="pytest.skip" message="Integration tests disabled (set RUN_INTEGRATION=1)">/home/alina/code/git-deploy-healer/tests/integration/test_healer_recovery.py:154: Integration tests disabled (set RUN_INTEGRATION=1)</skipped></testcase><testcase classname="tests.integration.test_healer_recovery.TestHealerRecovery" name="test_service_health_monitoring" time="0.001"><skipped type="pytest.skip" message="Integration tests disabled (set RUN_INTEGRATION=1)">/home/alina/code/git-deploy-healer/tests/integration/test_healer_recovery.py:160: Integration tests disabled (set RUN_INTEGRATION=1)</skipped></testcase><testcase classname="tests.integration.test_healer_recovery.TestHealerRecovery" name="test_container_restart_detection" time="0.001"><skipped type="pytest.skip" message="Integration tests disabled (set RUN_INTEGRATION=1)">/home/alina/code/git-deploy-healer/tests/integration/test_healer_recovery.py:169: Integration tests disabled (set RUN_INTEGRATION=1)</skipped></testcase><testcase classname="tests.integration.test_healer_recovery.TestHealerRecovery" name="test_service_availability_after_restart" time="0.001"><skipped type="pytest.skip" message="Integration tests disabled (set RUN_INTEGRATION=1)">/home/alina/code/git-deploy-healer/tests/integration/test_healer_recovery.py:211: Integration tests disabled (set RUN_INTEGRATION=1)</skipped></testcase><testcase classname="tests.integration.test_healer_recovery.TestHealerRecovery" name="test_healer_recovery_time" time="0.000"><skipped type="pytest.skip" message="Integration tests disabled (set RUN_INTEGRATION=1)">/home/alina/code/git-deploy-healer/tests/integration/test_healer_recovery.py:257: Integration tests disabled (set RUN_INTEGRATION=1)</skipped></testcase><testcase classname="tests.integration.test_healer_recovery.TestHealerRecovery" name="test_multiple_health_checks_after_recovery" time="0.000"><skipped type="pytest.skip" message="Integration tests disabled (set RUN_INTEGRATION=1)">/home/alina/code/git-deploy-healer/tests/integration/test_healer_recovery.py:294: Integration tests disabled (set RUN_INTEGRATION=1)</skipped></testcase><testcase classname="tests.integration.test_healer_recovery.TestHealerRecovery" name="test_healer_with_api_requests" time="0.001"><skipped type="pytest.skip" message="Integration tests disabled (set RUN_INTEGRATION=1)">/home/alina/code/git-deploy-healer/tests/integration/test_healer_recovery.py:329: Integration tests disabled (set RUN_INTEGRATION=1)</skipped></testcase><testcase classname="tests.integration.test_webhook_to_deploy.TestWebhookToDeployFlow" name="test_webhook_accepts_valid_signature" time="0.001"><skipped type="pytest.skip" message="Integration tests disabled (set RUN_INTEGRATION=1)">/home/alina/code/git-deploy-healer/tests/integration/test_webhook_to_deploy.py:113: Integration tests disabled (set RUN_INTEGRATION=1)</skipped></testcase><testcase classname="tests.integration.test_webhook_to_deploy.TestWebhookToDeployFlow" name="test_webhook_rejects_invalid_signature" time="0.001"><skipped type="pytest.skip" message="Integration tests disabled (set RUN_INTEGRATION=1)">/home/alina/code/git-deploy-healer/tests/integration/test_webhook_to_deploy.py:129: Integration tests disabled (set RUN_INTEGRATION=1)</skipped></testcase><testcase classname="tests.integration.test_webhook_to_deploy.TestWebhookToDeployFlow" name="test_webhook_rejects_missing_signature" time="0.001"><skipped type="pytest.skip" message="Integration tests disabled (set RUN_INTEGRATION=1)">/home/alina/code/git-deploy-healer/tests/integration/test_webhook_to_deploy.py:141: Integration tests disabled (set RUN_INTEGRATION=1)</skipped></testcase><testcase classname="tests.integration.test_webhook_to_deploy.TestWebhookToDeployFlow" name="test_webhook_handles_minimal_payload" time="0.001"><skipped type="pytest.skip" message="Integration tests disabled (set RUN_INTEGRATION=1)">/home/alina/code/git-deploy-healer/tests/integration/test_webhook_to_deploy.py:157: Integration tests disabled (set RUN_INTEGRATION=1)</skipped></testcase><testcase classname="tests.integration.test_webhook_to_deploy.TestWebhookToDeployFlow" name="test_webhook_handles_missing_repository" time="0.001"><skipped type="pytest.skip" message="Integration tests disabled (set RUN_INTEGRATION=1)">/home/alina/code/git-deploy-healer/tests/integration/test_webhook_to_deploy.py:171: Integration tests disabled (set RUN_INTEGRATION=1)</skipped></testcase><testcase classname="tests.integration.test_webhook_to_deploy.TestWebhookToDeployFlow" name="test_webhook_handles_invalid_json" time="0.001"><skipped type="pytest.skip" message="Integration tests disabled (set RUN_INTEGRATION=1)">/home/alina/code/git-deploy-healer/tests/integration/test_webhook_to_deploy.py:183: Integration tests disabled (set RUN_INTEGRATION=1)</skipped></testcase><testcase classname="tests.integration.test_webhook_to_deploy.TestWebhookToDeployFlow" name="test_webhook_with_custom_container_port" time="0.001"><skipped type="pytest.skip" message="Integration tests disabled (set RUN_INTEGRATION=1)">/home/alina/code/git-deploy-healer/tests/integration/test_webhook_to_deploy.py:200: Integration tests disabled (set RUN_INTEGRATION=1)</skipped></testcase><testcase classname="tests.integration.test_webhook_to_deploy.TestWebhookToDeployFlow" name="test_webhook_with_environment_variables" time="0.001"><skipped type="pytest.skip" message="Integration tests disabled (set RUN_INTEGRATION=1)">/home/alina/code/git-deploy-healer/tests/integration/test_webhook_to_deploy.py:217: Integration tests disabled (set RUN_INTEGRATION=1)</skipped></testcase><testcase classname="tests.integration.test_webhook_to_deploy.TestWebhookToDeployFlow" name="test_webhook_rate_limiting" time="0.001"><skipped type="pytest.skip" message="Integration tests disabled (set RUN_INTEGRATION=1)">/home/alina/code/git-deploy-healer/tests/integration/test_webhook_to_deploy.py:237: Integration tests disabled (set RUN_INTEGRATION=1)</skipped></testcase><testcase classname="tests.integration.test_webhook_to_deploy.TestWebhookToDeployFlow" name="test_webhook_increments_deployment_counter" time="0.000"><skipped type="pytest.skip" message="Integration tests disabled (set RUN_INTEGRATION=1)">/home/alina/code/git-deploy-healer/tests/integration/test_webhook_to_deploy.py:256: Integration tests disabled (set RUN_INTEGRATION=1)</skipped></testcase><testcase classname="tests.integration.test_webhook_to_deploy.TestWebhookToDeployFlow" name="test_webhook_with_gitlab_format" time="0.000"><skipped type="pytest.skip" message="Integration tests disabled (set RUN_INTEGRATION=1)">/home/alina/code/git-deploy-healer/tests/integration/test_webhook_to_deploy.py:286: Integration tests disabled (set RUN_INTEGRATION=1)</skipped></testcase><testcase classname="tests.integration.test_webhook_to_deploy.TestWebhookToDeployFlow" name="test_webhook_response_structure" time="0.000"><skipped type="pytest.skip" message="Integration tests disabled (set RUN_INTEGRATION=1)">/home/alina/code/git-deploy-healer/tests/integration/test_webhook_to_deploy.py:301: Integration tests disabled (set RUN_INTEGRATION=1)</skipped></testcase><testcase classname="tests.integration.test_webhook_to_deploy.TestWebhookToDeployFlow" name="test_webhook_concurrent_requests" time="0.000"><skipped type="pytest.skip" message="Integration tests disabled (set RUN_INTEGRATION=1)">/home/alina/code/git-deploy-healer/tests/integration/test_webhook_to_deploy.py:319: Integration tests disabled (set RUN_INTEGRATION=1)</skipped></testcase></testsuite></testsuites>
